<?xml version="1.0" encoding="UTF-8"?>
<!-- Generated by org.testng.reporters.JUnitReportReporter -->
<testsuite hostname="DESKTOP-49FEGJC" failures="0" tests="1" name="QAClickacademy.MavenJava.AppiumTest" time="0.016" errors="0" timestamp="2021-05-27T20:48:59 IST" skipped="0">
  <testcase classname="QAClickacademy.MavenJava.AppiumTest" name="NativeAppLogin" time="0.016"/>
  <system-out/>
</testsuite> <!-- QAClickacademy.MavenJava.AppiumTest -->
