<?xml version="1.0" encoding="UTF-8"?>
<!-- Generated by org.testng.reporters.JUnitReportReporter -->
<testsuite hostname="DESKTOP-49FEGJC" failures="0" tests="2" name="QAClickacademy.MavenJava.AppiumTest" time="0.001" errors="0" timestamp="2021-05-27T21:26:26 IST" skipped="0">
  <testcase classname="QAClickacademy.MavenJava.AppiumTest" name="NativeAppLogin" time="0.001"/>
  <system-out/>
  <testcase classname="QAClickacademy.MavenJava.AppiumTest" name="IOSApp" time="0.000"/>
  <system-out/>
</testsuite> <!-- QAClickacademy.MavenJava.AppiumTest -->
