<?xml version="1.0" encoding="UTF-8"?>
<!-- Generated by org.testng.reporters.JUnitReportReporter -->
<testsuite hostname="DESKTOP-49FEGJC" failures="0" tests="1" name="QAClickacademy.MavenJava.SeleniumTest" time="0.008" errors="0" timestamp="2021-05-27T21:26:46 IST" skipped="0">
  <testcase classname="QAClickacademy.MavenJava.SeleniumTest" name="browserWindow" time="0.008"/>
  <system-out/>
</testsuite> <!-- QAClickacademy.MavenJava.SeleniumTest -->
